2022-05-25 23:05:904 INFO  HomePage :21 - Clicking on sinInTab[[FirefoxDriver: firefox on WINDOWS (3c66e7ce-37ab-4978-847e-bca88d9d5f07)] -> xpath: //a[contains(text(),'Sign in')]]<br>
2022-05-26 23:05:396 INFO  HomePage :21 - Clicking on sinInTab[[FirefoxDriver: firefox on WINDOWS (e5ebd0cb-63f7-4476-a22c-e1689c94d615)] -> xpath: //a[contains(text(),'Sign in')]]<br>
2022-05-26 23:05:481 INFO  Singinpage :23 - Enter emailmummypigwanttologin@gmail.com to  field [[FirefoxDriver: firefox on WINDOWS (e5ebd0cb-63f7-4476-a22c-e1689c94d615)] -> xpath: //input[@id='email_create']]<br>
2022-05-26 23:05:737 INFO  Singinpage :31 - Clicking on createaccount[[FirefoxDriver: firefox on WINDOWS (e5ebd0cb-63f7-4476-a22c-e1689c94d615)] -> xpath: //h3[contains(text(),'Create an account')]]<br>
2022-05-26 23:05:806 INFO  AuthPage :97 - Enter emailAddressmummypigwanttologin@gmail.com to emailAddress field [[FirefoxDriver: firefox on WINDOWS (e5ebd0cb-63f7-4476-a22c-e1689c94d615)] -> xpath: //input[@id='email']]<br>
2022-05-26 23:05:254 INFO  HomePage :21 - Clicking on sinInTab[[FirefoxDriver: firefox on WINDOWS (e209dac7-845a-425c-b597-4ef5c6b2d233)] -> xpath: //a[contains(text(),'Sign in')]]<br>
2022-05-26 23:05:234 INFO  Singinpage :23 - Enter emailmummypigwanttologin@gmail.com to  field [[FirefoxDriver: firefox on WINDOWS (e209dac7-845a-425c-b597-4ef5c6b2d233)] -> xpath: //input[@id='email_create']]<br>
2022-05-26 23:05:966 INFO  Singinpage :31 - Clicking on createaccount[[FirefoxDriver: firefox on WINDOWS (e209dac7-845a-425c-b597-4ef5c6b2d233)] -> xpath: //body[1]/div[1]/div[2]/div[1]/div[3]/div[1]/div[1]/div[1]/form[1]/div[1]/div[3]/button[1]/span[1]]<br>
2022-05-26 23:05:17 INFO  AuthPage :97 - Enter emailAddressmummypigwanttologin@gmail.com to emailAddress field [[FirefoxDriver: firefox on WINDOWS (e209dac7-845a-425c-b597-4ef5c6b2d233)] -> xpath: //input[@id='email']]<br>
2022-05-26 23:05:967 INFO  AuthPage :82 - Clicking on Title[[FirefoxDriver: firefox on WINDOWS (e209dac7-845a-425c-b597-4ef5c6b2d233)] -> xpath: //input[@id='id_gender2']]<br>
2022-05-26 23:05:67 INFO  AuthPage :87 - Enter firstnamemummupig to firstname field [[FirefoxDriver: firefox on WINDOWS (e209dac7-845a-425c-b597-4ef5c6b2d233)] -> xpath: //input[@id='customer_firstname']]<br>
2022-05-26 23:05:97 INFO  AuthPage :92 - Enter lastname papapig to lastname  field [[FirefoxDriver: firefox on WINDOWS (e209dac7-845a-425c-b597-4ef5c6b2d233)] -> xpath: //input[@id='customer_lastname']]<br>
2022-05-26 23:05:124 INFO  AuthPage :102 - Enter passwordfieldmummypig123 to  field [[FirefoxDriver: firefox on WINDOWS (e209dac7-845a-425c-b597-4ef5c6b2d233)] -> xpath: //input[@id='passwd']]<br>
2022-05-26 23:05:373 INFO  AuthPage :107 - Selecting birthDate 1 from dropdown [[FirefoxDriver: firefox on WINDOWS (e209dac7-845a-425c-b597-4ef5c6b2d233)] -> xpath: //select[@id='days']]<br>
2022-05-26 23:05:950 INFO  ManageDriver :30 - Launching Chrome Browser
2022-05-26 23:05:923 INFO  HomePage :21 - Clicking on sinInTab[[ChromeDriver: chrome on WINDOWS (705cc40aadfdcafc83652301c001a8e0)] -> xpath: //a[contains(text(),'Sign in')]]<br>
2022-05-26 23:05:14 INFO  Singinpage :23 - Enter emailmummypigwanttologin@gmail.com to  field [[ChromeDriver: chrome on WINDOWS (705cc40aadfdcafc83652301c001a8e0)] -> xpath: //input[@id='email_create']]<br>
2022-05-26 23:05:76 INFO  Singinpage :31 - Clicking on createaccount[[ChromeDriver: chrome on WINDOWS (705cc40aadfdcafc83652301c001a8e0)] -> xpath: //body[1]/div[1]/div[2]/div[1]/div[3]/div[1]/div[1]/div[1]/form[1]/div[1]/div[3]/button[1]/span[1]]<br>
2022-05-26 23:05:897 INFO  AuthPage :82 - Clicking on Title[[ChromeDriver: chrome on WINDOWS (705cc40aadfdcafc83652301c001a8e0)] -> xpath: //input[@id='id_gender2']]<br>
2022-05-26 23:05:976 INFO  AuthPage :87 - Enter firstnamemummupig to firstname field [[ChromeDriver: chrome on WINDOWS (705cc40aadfdcafc83652301c001a8e0)] -> xpath: //input[@id='customer_firstname']]<br>
2022-05-26 23:05:47 INFO  AuthPage :92 - Enter lastname papapig to lastname  field [[ChromeDriver: chrome on WINDOWS (705cc40aadfdcafc83652301c001a8e0)] -> xpath: //input[@id='customer_lastname']]<br>
2022-05-26 23:05:122 INFO  AuthPage :102 - Enter passwordfieldmummypig123 to  field [[ChromeDriver: chrome on WINDOWS (705cc40aadfdcafc83652301c001a8e0)] -> xpath: //input[@id='passwd']]<br>
2022-05-26 23:05:214 INFO  AuthPage :107 - Selecting birthDate 1 from dropdown [[ChromeDriver: chrome on WINDOWS (705cc40aadfdcafc83652301c001a8e0)] -> xpath: //select[@id='days']]<br>
2022-05-26 23:05:508 INFO  ManageDriver :30 - Launching Chrome Browser
2022-05-26 23:05:153 INFO  HomePage :21 - Clicking on sinInTab[[ChromeDriver: chrome on WINDOWS (b556640f42acdaa3eefc40aa5210093b)] -> xpath: //a[contains(text(),'Sign in')]]<br>
2022-05-26 23:05:257 INFO  Singinpage :23 - Enter emailmummypigwanttologin@gmail.com to  field [[ChromeDriver: chrome on WINDOWS (b556640f42acdaa3eefc40aa5210093b)] -> xpath: //input[@id='email_create']]<br>
2022-05-26 23:05:332 INFO  Singinpage :31 - Clicking on createaccount[[ChromeDriver: chrome on WINDOWS (b556640f42acdaa3eefc40aa5210093b)] -> xpath: //body[1]/div[1]/div[2]/div[1]/div[3]/div[1]/div[1]/div[1]/form[1]/div[1]/div[3]/button[1]/span[1]]<br>
2022-05-26 23:05:164 INFO  AuthPage :82 - Clicking on Title[[ChromeDriver: chrome on WINDOWS (b556640f42acdaa3eefc40aa5210093b)] -> xpath: //input[@id='id_gender2']]<br>
2022-05-26 23:05:259 INFO  AuthPage :87 - Enter firstnamemummupig to firstname field [[ChromeDriver: chrome on WINDOWS (b556640f42acdaa3eefc40aa5210093b)] -> xpath: //input[@id='customer_firstname']]<br>
2022-05-26 23:05:348 INFO  AuthPage :92 - Enter lastname papapig to lastname  field [[ChromeDriver: chrome on WINDOWS (b556640f42acdaa3eefc40aa5210093b)] -> xpath: //input[@id='customer_lastname']]<br>
2022-05-26 23:05:419 INFO  AuthPage :102 - Enter passwordfieldmummypig123 to  field [[ChromeDriver: chrome on WINDOWS (b556640f42acdaa3eefc40aa5210093b)] -> xpath: //input[@id='passwd']]<br>
2022-05-26 23:05:502 INFO  AuthPage :107 - Selecting birthDate 1 from dropdown [[ChromeDriver: chrome on WINDOWS (b556640f42acdaa3eefc40aa5210093b)] -> xpath: //select[@id='days']]<br>
2022-05-26 23:05:579 INFO  AuthPage :112 - Selecting birthMonth5 from dropdown [[ChromeDriver: chrome on WINDOWS (b556640f42acdaa3eefc40aa5210093b)] -> xpath: //select[@id='months']]<br>
2022-05-26 23:05:654 INFO  AuthPage :117 - Selecting birthYear1995 from dropdown [[ChromeDriver: chrome on WINDOWS (b556640f42acdaa3eefc40aa5210093b)] -> xpath: //select[@id='years']]<br>
2022-05-26 23:05:749 INFO  AuthPage :123 - Clicking on newsletterBox[[ChromeDriver: chrome on WINDOWS (b556640f42acdaa3eefc40aa5210093b)] -> xpath: //input[@id='newsletter']]<br>
2022-05-26 23:05:804 INFO  AuthPage :129 - Clicking on specialOffersBox[[ChromeDriver: chrome on WINDOWS (b556640f42acdaa3eefc40aa5210093b)] -> xpath: //input[@id='optin']]<br>
2022-05-26 23:05:875 INFO  AuthPage :134 - Enter addressfirstnamemummupig to  field [[ChromeDriver: chrome on WINDOWS (b556640f42acdaa3eefc40aa5210093b)] -> xpath: //input[@id='firstname']]<br>
2022-05-26 23:05:944 INFO  AuthPage :139 - Enter addresslastname papapig to  field [[ChromeDriver: chrome on WINDOWS (b556640f42acdaa3eefc40aa5210093b)] -> xpath: //input[@id='lastname']]<br>
2022-05-26 23:05:33 INFO  AuthPage :144 - Enter address143 mummypig and papapig sweet home to  field [[ChromeDriver: chrome on WINDOWS (b556640f42acdaa3eefc40aa5210093b)] -> xpath: //input[@id='address1']]<br>
2022-05-26 23:05:99 INFO  AuthPage :149 - Enter Citylondon to  field [[ChromeDriver: chrome on WINDOWS (b556640f42acdaa3eefc40aa5210093b)] -> xpath: //input[@id='city']]<br>
2022-05-26 23:05:166 INFO  AuthPage :154 - Enter state east middland to  field [[ChromeDriver: chrome on WINDOWS (b556640f42acdaa3eefc40aa5210093b)] -> xpath: //select[@id='id_state']]<br>
2022-05-26 23:05:241 INFO  AuthPage :159 - Enter zipPostalCode3800034 to  field [[ChromeDriver: chrome on WINDOWS (b556640f42acdaa3eefc40aa5210093b)] -> xpath: //input[@id='postcode']]<br>
2022-05-26 23:05:570 INFO  ManageDriver :30 - Launching Chrome Browser
2022-05-26 23:05:643 INFO  HomePage :21 - Clicking on sinInTab[[ChromeDriver: chrome on WINDOWS (a229208661ec6a559712ad97e2f7203d)] -> xpath: //a[contains(text(),'Sign in')]]<br>
2022-05-26 23:05:748 INFO  Singinpage :23 - Enter emailmummypigwanttologin@gmail.com to  field [[ChromeDriver: chrome on WINDOWS (a229208661ec6a559712ad97e2f7203d)] -> xpath: //input[@id='email_create']]<br>
2022-05-26 23:05:838 INFO  Singinpage :31 - Clicking on createaccount[[ChromeDriver: chrome on WINDOWS (a229208661ec6a559712ad97e2f7203d)] -> xpath: //body[1]/div[1]/div[2]/div[1]/div[3]/div[1]/div[1]/div[1]/form[1]/div[1]/div[3]/button[1]/span[1]]<br>
2022-05-26 23:05:853 INFO  AuthPage :82 - Clicking on Title[[ChromeDriver: chrome on WINDOWS (a229208661ec6a559712ad97e2f7203d)] -> xpath: //input[@id='id_gender2']]<br>
2022-05-26 23:05:945 INFO  AuthPage :87 - Enter firstnamemummupig to firstname field [[ChromeDriver: chrome on WINDOWS (a229208661ec6a559712ad97e2f7203d)] -> xpath: //input[@id='customer_firstname']]<br>
2022-05-26 23:05:33 INFO  AuthPage :92 - Enter lastname papapig to lastname  field [[ChromeDriver: chrome on WINDOWS (a229208661ec6a559712ad97e2f7203d)] -> xpath: //input[@id='customer_lastname']]<br>
2022-05-26 23:05:112 INFO  AuthPage :102 - Enter passwordfieldmummypig123 to  field [[ChromeDriver: chrome on WINDOWS (a229208661ec6a559712ad97e2f7203d)] -> xpath: //input[@id='passwd']]<br>
2022-05-26 23:05:212 INFO  AuthPage :107 - Selecting birthDate 1 from dropdown [[ChromeDriver: chrome on WINDOWS (a229208661ec6a559712ad97e2f7203d)] -> xpath: //select[@id='days']]<br>
2022-05-26 23:05:302 INFO  AuthPage :112 - Selecting birthMonth5 from dropdown [[ChromeDriver: chrome on WINDOWS (a229208661ec6a559712ad97e2f7203d)] -> xpath: //select[@id='months']]<br>
2022-05-26 23:05:432 INFO  AuthPage :117 - Selecting birthYear1995 from dropdown [[ChromeDriver: chrome on WINDOWS (a229208661ec6a559712ad97e2f7203d)] -> xpath: //select[@id='years']]<br>
2022-05-26 23:05:492 INFO  AuthPage :123 - Clicking on newsletterBox[[ChromeDriver: chrome on WINDOWS (a229208661ec6a559712ad97e2f7203d)] -> xpath: //input[@id='newsletter']]<br>
2022-05-26 23:05:558 INFO  AuthPage :129 - Clicking on specialOffersBox[[ChromeDriver: chrome on WINDOWS (a229208661ec6a559712ad97e2f7203d)] -> xpath: //input[@id='optin']]<br>
2022-05-26 23:05:627 INFO  AuthPage :134 - Enter addressfirstnamemummupig to  field [[ChromeDriver: chrome on WINDOWS (a229208661ec6a559712ad97e2f7203d)] -> xpath: //input[@id='firstname']]<br>
2022-05-26 23:05:693 INFO  AuthPage :139 - Enter addresslastname papapig to  field [[ChromeDriver: chrome on WINDOWS (a229208661ec6a559712ad97e2f7203d)] -> xpath: //input[@id='lastname']]<br>
2022-05-26 23:05:789 INFO  AuthPage :144 - Enter address143 mummypig and papapig sweet home to  field [[ChromeDriver: chrome on WINDOWS (a229208661ec6a559712ad97e2f7203d)] -> xpath: //input[@id='address1']]<br>
2022-05-26 23:05:857 INFO  AuthPage :149 - Enter Citylondon to  field [[ChromeDriver: chrome on WINDOWS (a229208661ec6a559712ad97e2f7203d)] -> xpath: //input[@id='city']]<br>
2022-05-26 23:05:923 INFO  AuthPage :154 - Enter state east middland to  field [[ChromeDriver: chrome on WINDOWS (a229208661ec6a559712ad97e2f7203d)] -> xpath: //select[@id='id_state']]<br>
2022-05-26 23:05:994 INFO  AuthPage :159 - Enter zipPostalCode3800034 to  field [[ChromeDriver: chrome on WINDOWS (a229208661ec6a559712ad97e2f7203d)] -> xpath: //input[@id='postcode']]<br>
2022-05-26 23:05:42 INFO  AuthPage :164 - Selecting countryUnited States from dropdown [[ChromeDriver: chrome on WINDOWS (a229208661ec6a559712ad97e2f7203d)] -> xpath: //select[@id='id_country']]<br>
2022-05-26 23:05:122 INFO  AuthPage :169 - Enter mobilePhone 0909090909 to  field [[ChromeDriver: chrome on WINDOWS (a229208661ec6a559712ad97e2f7203d)] -> xpath: //input[@id='phone_mobile']]<br>
2022-05-26 23:05:207 INFO  AuthPage :174 - Enter referenceAddresswelcome to our sweeethome to  field [[ChromeDriver: chrome on WINDOWS (a229208661ec6a559712ad97e2f7203d)] -> xpath: //input[@id='alias']]<br>
2022-05-26 23:05:686 INFO  AuthPage :179 - Clicking on registerbutton [[ChromeDriver: chrome on WINDOWS (a229208661ec6a559712ad97e2f7203d)] -> xpath: //button[@id='submitAccount']]<br>
2022-05-26 23:05:713 INFO  ManageDriver :30 - Launching Chrome Browser
2022-05-26 23:05:97 INFO  ManageDriver :30 - Launching Chrome Browser
2022-05-26 23:05:990 INFO  ManageDriver :30 - Launching Chrome Browser
2022-05-26 23:05:827 INFO  ManageDriver :30 - Launching Chrome Browser
2022-05-26 23:05:465 INFO  HomePage :21 - Clicking on sinInTab[[ChromeDriver: chrome on WINDOWS (6e4fc3fa110ee400a7ccfb08e18a8bd5)] -> xpath: //a[contains(text(),'Sign in')]]<br>
2022-05-26 23:05:565 INFO  Singinpage :45 - Enter emailmummypigwanttologin@gmail.com to  field [[ChromeDriver: chrome on WINDOWS (6e4fc3fa110ee400a7ccfb08e18a8bd5)] -> xpath: //input[@id='email']]<br>
2022-05-26 23:05:615 INFO  Singinpage :45 - Enter emailmummypig123 to  field [[ChromeDriver: chrome on WINDOWS (6e4fc3fa110ee400a7ccfb08e18a8bd5)] -> xpath: //input[@id='email']]<br>
2022-05-26 23:05:286 INFO  Singinpage :55 - Clicking on signInButtonField[[ChromeDriver: chrome on WINDOWS (6e4fc3fa110ee400a7ccfb08e18a8bd5)] -> xpath: //body/div[@id='page']/div[2]/div[1]/div[3]/div[1]/div[1]/div[2]/form[1]/div[1]/p[2]/button[1]/span[1]]<br>
2022-05-27 14:05:909 INFO  ManageDriver :30 - Launching Chrome Browser
2022-05-27 14:05:470 INFO  HomePage :21 - Clicking on sinInTab[[ChromeDriver: chrome on WINDOWS (90576b3350bca1be4ac3e6bc27352011)] -> xpath: //a[contains(text(),'Sign in')]]<br>
2022-05-27 14:05:607 INFO  Singinpage :45 - Enter emailmummypigwanttologin@gmail.com to  field [[ChromeDriver: chrome on WINDOWS (90576b3350bca1be4ac3e6bc27352011)] -> xpath: //input[@id='email']]<br>
2022-05-27 14:05:666 INFO  Singinpage :45 - Enter emailmummypig123 to  field [[ChromeDriver: chrome on WINDOWS (90576b3350bca1be4ac3e6bc27352011)] -> xpath: //input[@id='email']]<br>
2022-05-27 14:05:443 INFO  Singinpage :55 - Clicking on signInButtonField[[ChromeDriver: chrome on WINDOWS (90576b3350bca1be4ac3e6bc27352011)] -> xpath: //body/div[@id='page']/div[2]/div[1]/div[3]/div[1]/div[1]/div[2]/form[1]/div[1]/p[2]/button[1]/span[1]]<br>
2022-05-27 14:05:187 INFO  ManageDriver :30 - Launching Chrome Browser
2022-05-27 14:05:290 INFO  HomePage :21 - Clicking on sinInTab[[ChromeDriver: chrome on WINDOWS (c0332692d18c0cd056bbdc4d79bf8235)] -> xpath: //a[contains(text(),'Sign in')]]<br>
2022-05-27 14:05:414 INFO  Singinpage :23 - Enter emailLlV2O1LA@gmail.com to  field [[ChromeDriver: chrome on WINDOWS (c0332692d18c0cd056bbdc4d79bf8235)] -> xpath: //input[@id='email_create']]<br>
2022-05-27 14:05:507 INFO  Singinpage :31 - Clicking on createaccount[[ChromeDriver: chrome on WINDOWS (c0332692d18c0cd056bbdc4d79bf8235)] -> xpath: //body[1]/div[1]/div[2]/div[1]/div[3]/div[1]/div[1]/div[1]/form[1]/div[1]/div[3]/button[1]/span[1]]<br>
2022-05-27 14:05:360 INFO  AuthPage :83 - Clicking on Title[[ChromeDriver: chrome on WINDOWS (c0332692d18c0cd056bbdc4d79bf8235)] -> xpath: //input[@id='id_gender2']]<br>
2022-05-27 14:05:482 INFO  AuthPage :88 - Enter firstnamemummupig to firstname field [[ChromeDriver: chrome on WINDOWS (c0332692d18c0cd056bbdc4d79bf8235)] -> xpath: //input[@id='customer_firstname']]<br>
2022-05-27 14:05:604 INFO  AuthPage :93 - Enter lastname papapig to lastname  field [[ChromeDriver: chrome on WINDOWS (c0332692d18c0cd056bbdc4d79bf8235)] -> xpath: //input[@id='customer_lastname']]<br>
2022-05-27 14:05:702 INFO  AuthPage :103 - Enter passwordfieldmummypig123 to  field [[ChromeDriver: chrome on WINDOWS (c0332692d18c0cd056bbdc4d79bf8235)] -> xpath: //input[@id='passwd']]<br>
2022-05-27 14:05:835 INFO  AuthPage :108 - Selecting birthDate 1 from dropdown [[ChromeDriver: chrome on WINDOWS (c0332692d18c0cd056bbdc4d79bf8235)] -> xpath: //select[@id='days']]<br>
2022-05-27 14:05:997 INFO  AuthPage :113 - Selecting birthMonth5 from dropdown [[ChromeDriver: chrome on WINDOWS (c0332692d18c0cd056bbdc4d79bf8235)] -> xpath: //select[@id='months']]<br>
2022-05-27 14:05:109 INFO  AuthPage :118 - Selecting birthYear1995 from dropdown [[ChromeDriver: chrome on WINDOWS (c0332692d18c0cd056bbdc4d79bf8235)] -> xpath: //select[@id='years']]<br>
2022-05-27 14:05:199 INFO  AuthPage :124 - Clicking on newsletterBox[[ChromeDriver: chrome on WINDOWS (c0332692d18c0cd056bbdc4d79bf8235)] -> xpath: //input[@id='newsletter']]<br>
2022-05-27 14:05:281 INFO  AuthPage :130 - Clicking on specialOffersBox[[ChromeDriver: chrome on WINDOWS (c0332692d18c0cd056bbdc4d79bf8235)] -> xpath: //input[@id='optin']]<br>
2022-05-27 14:05:380 INFO  AuthPage :135 - Enter addressfirstnamemummupig to  field [[ChromeDriver: chrome on WINDOWS (c0332692d18c0cd056bbdc4d79bf8235)] -> xpath: //input[@id='firstname']]<br>
2022-05-27 14:05:480 INFO  AuthPage :140 - Enter addresslastname papapig to  field [[ChromeDriver: chrome on WINDOWS (c0332692d18c0cd056bbdc4d79bf8235)] -> xpath: //input[@id='lastname']]<br>
2022-05-27 14:05:621 INFO  AuthPage :145 - Enter address143 mummypig and papapig sweet home to  field [[ChromeDriver: chrome on WINDOWS (c0332692d18c0cd056bbdc4d79bf8235)] -> xpath: //input[@id='address1']]<br>
2022-05-27 14:05:715 INFO  AuthPage :150 - Enter Citylondon to  field [[ChromeDriver: chrome on WINDOWS (c0332692d18c0cd056bbdc4d79bf8235)] -> xpath: //input[@id='city']]<br>
2022-05-27 14:05:805 INFO  AuthPage :155 - Enter state east middland to  field [[ChromeDriver: chrome on WINDOWS (c0332692d18c0cd056bbdc4d79bf8235)] -> xpath: //select[@id='id_state']]<br>
2022-05-27 14:05:915 INFO  AuthPage :160 - Enter zipPostalCode3800034 to  field [[ChromeDriver: chrome on WINDOWS (c0332692d18c0cd056bbdc4d79bf8235)] -> xpath: //input[@id='postcode']]<br>
2022-05-27 14:05:980 INFO  AuthPage :165 - Selecting countryUnited States from dropdown [[ChromeDriver: chrome on WINDOWS (c0332692d18c0cd056bbdc4d79bf8235)] -> xpath: //select[@id='id_country']]<br>
2022-05-27 14:05:87 INFO  AuthPage :170 - Enter mobilePhone 0909090909 to  field [[ChromeDriver: chrome on WINDOWS (c0332692d18c0cd056bbdc4d79bf8235)] -> xpath: //input[@id='phone_mobile']]<br>
2022-05-27 14:05:203 INFO  AuthPage :175 - Enter referenceAddresswelcome to our sweeethome to  field [[ChromeDriver: chrome on WINDOWS (c0332692d18c0cd056bbdc4d79bf8235)] -> xpath: //input[@id='alias']]<br>
2022-05-27 14:05:708 INFO  AuthPage :180 - Clicking on registerbutton [[ChromeDriver: chrome on WINDOWS (c0332692d18c0cd056bbdc4d79bf8235)] -> xpath: //button[@id='submitAccount']]<br>
2022-05-27 14:05:115 INFO  ManageDriver :30 - Launching Chrome Browser
2022-05-27 14:05:506 INFO  HomePage :21 - Clicking on sinInTab[[ChromeDriver: chrome on WINDOWS (6c0681f5246decb2e9691e011e3ed1d6)] -> xpath: //a[contains(text(),'Sign in')]]<br>
2022-05-27 14:05:554 INFO  Singinpage :23 - Enter emailk4kvqBnU@gmail.com to  field [[ChromeDriver: chrome on WINDOWS (6c0681f5246decb2e9691e011e3ed1d6)] -> xpath: //input[@id='email_create']]<br>
2022-05-27 14:05:596 INFO  Singinpage :31 - Clicking on createaccount[[ChromeDriver: chrome on WINDOWS (6c0681f5246decb2e9691e011e3ed1d6)] -> xpath: //body[1]/div[1]/div[2]/div[1]/div[3]/div[1]/div[1]/div[1]/form[1]/div[1]/div[3]/button[1]/span[1]]<br>
2022-05-27 14:05:814 INFO  AuthPage :83 - Clicking on Title[[ChromeDriver: chrome on WINDOWS (6c0681f5246decb2e9691e011e3ed1d6)] -> xpath: //input[@id='id_gender2']]<br>
2022-05-27 14:05:874 INFO  AuthPage :88 - Enter firstnamemummupig to firstname field [[ChromeDriver: chrome on WINDOWS (6c0681f5246decb2e9691e011e3ed1d6)] -> xpath: //input[@id='customer_firstname']]<br>
2022-05-27 14:05:927 INFO  AuthPage :93 - Enter lastname papapig to lastname  field [[ChromeDriver: chrome on WINDOWS (6c0681f5246decb2e9691e011e3ed1d6)] -> xpath: //input[@id='customer_lastname']]<br>
2022-05-27 14:05:979 INFO  AuthPage :103 - Enter passwordfieldmummypig123 to  field [[ChromeDriver: chrome on WINDOWS (6c0681f5246decb2e9691e011e3ed1d6)] -> xpath: //input[@id='passwd']]<br>
2022-05-27 14:05:45 INFO  AuthPage :108 - Selecting birthDate 1 from dropdown [[ChromeDriver: chrome on WINDOWS (6c0681f5246decb2e9691e011e3ed1d6)] -> xpath: //select[@id='days']]<br>
2022-05-27 14:05:114 INFO  AuthPage :113 - Selecting birthMonth5 from dropdown [[ChromeDriver: chrome on WINDOWS (6c0681f5246decb2e9691e011e3ed1d6)] -> xpath: //select[@id='months']]<br>
2022-05-27 14:05:166 INFO  AuthPage :118 - Selecting birthYear1995 from dropdown [[ChromeDriver: chrome on WINDOWS (6c0681f5246decb2e9691e011e3ed1d6)] -> xpath: //select[@id='years']]<br>
2022-05-27 14:05:207 INFO  AuthPage :124 - Clicking on newsletterBox[[ChromeDriver: chrome on WINDOWS (6c0681f5246decb2e9691e011e3ed1d6)] -> xpath: //input[@id='newsletter']]<br>
2022-05-27 14:05:249 INFO  AuthPage :130 - Clicking on specialOffersBox[[ChromeDriver: chrome on WINDOWS (6c0681f5246decb2e9691e011e3ed1d6)] -> xpath: //input[@id='optin']]<br>
2022-05-27 14:05:296 INFO  AuthPage :135 - Enter addressfirstnamemummupig to  field [[ChromeDriver: chrome on WINDOWS (6c0681f5246decb2e9691e011e3ed1d6)] -> xpath: //input[@id='firstname']]<br>
2022-05-27 14:05:348 INFO  AuthPage :140 - Enter addresslastname papapig to  field [[ChromeDriver: chrome on WINDOWS (6c0681f5246decb2e9691e011e3ed1d6)] -> xpath: //input[@id='lastname']]<br>
2022-05-27 14:05:437 INFO  AuthPage :145 - Enter address143 mummypig and papapig sweet home to  field [[ChromeDriver: chrome on WINDOWS (6c0681f5246decb2e9691e011e3ed1d6)] -> xpath: //input[@id='address1']]<br>
2022-05-27 14:05:489 INFO  AuthPage :150 - Enter Citylondon to  field [[ChromeDriver: chrome on WINDOWS (6c0681f5246decb2e9691e011e3ed1d6)] -> xpath: //input[@id='city']]<br>
2022-05-27 14:05:540 INFO  AuthPage :155 - Enter state east middland to  field [[ChromeDriver: chrome on WINDOWS (6c0681f5246decb2e9691e011e3ed1d6)] -> xpath: //select[@id='id_state']]<br>
2022-05-27 14:05:590 INFO  AuthPage :160 - Enter zipPostalCode3800034 to  field [[ChromeDriver: chrome on WINDOWS (6c0681f5246decb2e9691e011e3ed1d6)] -> xpath: //input[@id='postcode']]<br>
2022-05-27 14:05:624 INFO  AuthPage :165 - Selecting countryUnited States from dropdown [[ChromeDriver: chrome on WINDOWS (6c0681f5246decb2e9691e011e3ed1d6)] -> xpath: //select[@id='id_country']]<br>
2022-05-27 14:05:677 INFO  AuthPage :170 - Enter mobilePhone 0909090909 to  field [[ChromeDriver: chrome on WINDOWS (6c0681f5246decb2e9691e011e3ed1d6)] -> xpath: //input[@id='phone_mobile']]<br>
2022-05-27 14:05:735 INFO  AuthPage :175 - Enter referenceAddresswelcome to our sweeethome to  field [[ChromeDriver: chrome on WINDOWS (6c0681f5246decb2e9691e011e3ed1d6)] -> xpath: //input[@id='alias']]<br>
2022-05-27 14:05:728 INFO  AuthPage :180 - Clicking on registerbutton [[ChromeDriver: chrome on WINDOWS (6c0681f5246decb2e9691e011e3ed1d6)] -> xpath: //button[@id='submitAccount']]<br>
2022-05-27 14:05:920 INFO  ManageDriver :30 - Launching Chrome Browser
2022-05-27 14:05:125 INFO  HomePage :21 - Clicking on sinInTab[[ChromeDriver: chrome on WINDOWS (be643274c6f327fa67cee456cba7c6eb)] -> xpath: //a[contains(text(),'Sign in')]]<br>
2022-05-27 14:05:171 INFO  Singinpage :23 - Enter emailyroAJR3S@gmail.com to  field [[ChromeDriver: chrome on WINDOWS (be643274c6f327fa67cee456cba7c6eb)] -> xpath: //input[@id='email_create']]<br>
2022-05-27 14:05:210 INFO  Singinpage :31 - Clicking on createaccount[[ChromeDriver: chrome on WINDOWS (be643274c6f327fa67cee456cba7c6eb)] -> xpath: //body[1]/div[1]/div[2]/div[1]/div[3]/div[1]/div[1]/div[1]/form[1]/div[1]/div[3]/button[1]/span[1]]<br>
2022-05-27 14:05:496 INFO  AuthPage :83 - Clicking on Title[[ChromeDriver: chrome on WINDOWS (be643274c6f327fa67cee456cba7c6eb)] -> xpath: //input[@id='id_gender2']]<br>
2022-05-27 14:05:544 INFO  AuthPage :88 - Enter firstnamemummupig to firstname field [[ChromeDriver: chrome on WINDOWS (be643274c6f327fa67cee456cba7c6eb)] -> xpath: //input[@id='customer_firstname']]<br>
2022-05-27 14:05:592 INFO  AuthPage :93 - Enter lastname papapig to lastname  field [[ChromeDriver: chrome on WINDOWS (be643274c6f327fa67cee456cba7c6eb)] -> xpath: //input[@id='customer_lastname']]<br>
2022-05-27 14:05:639 INFO  AuthPage :103 - Enter passwordfieldmummypig123 to  field [[ChromeDriver: chrome on WINDOWS (be643274c6f327fa67cee456cba7c6eb)] -> xpath: //input[@id='passwd']]<br>
2022-05-27 14:05:696 INFO  AuthPage :108 - Selecting birthDate 1 from dropdown [[ChromeDriver: chrome on WINDOWS (be643274c6f327fa67cee456cba7c6eb)] -> xpath: //select[@id='days']]<br>
2022-05-27 14:05:753 INFO  AuthPage :113 - Selecting birthMonth5 from dropdown [[ChromeDriver: chrome on WINDOWS (be643274c6f327fa67cee456cba7c6eb)] -> xpath: //select[@id='months']]<br>
2022-05-27 14:05:814 INFO  AuthPage :118 - Selecting birthYear1995 from dropdown [[ChromeDriver: chrome on WINDOWS (be643274c6f327fa67cee456cba7c6eb)] -> xpath: //select[@id='years']]<br>
2022-05-27 14:05:859 INFO  AuthPage :124 - Clicking on newsletterBox[[ChromeDriver: chrome on WINDOWS (be643274c6f327fa67cee456cba7c6eb)] -> xpath: //input[@id='newsletter']]<br>
2022-05-27 14:05:900 INFO  AuthPage :130 - Clicking on specialOffersBox[[ChromeDriver: chrome on WINDOWS (be643274c6f327fa67cee456cba7c6eb)] -> xpath: //input[@id='optin']]<br>
2022-05-27 14:05:946 INFO  AuthPage :135 - Enter addressfirstnamemummupig to  field [[ChromeDriver: chrome on WINDOWS (be643274c6f327fa67cee456cba7c6eb)] -> xpath: //input[@id='firstname']]<br>
2022-05-27 14:05:992 INFO  AuthPage :140 - Enter addresslastname papapig to  field [[ChromeDriver: chrome on WINDOWS (be643274c6f327fa67cee456cba7c6eb)] -> xpath: //input[@id='lastname']]<br>
2022-05-27 14:05:84 INFO  AuthPage :145 - Enter address143 mummypig and papapig sweet home to  field [[ChromeDriver: chrome on WINDOWS (be643274c6f327fa67cee456cba7c6eb)] -> xpath: //input[@id='address1']]<br>
2022-05-27 14:05:132 INFO  AuthPage :150 - Enter Citylondon to  field [[ChromeDriver: chrome on WINDOWS (be643274c6f327fa67cee456cba7c6eb)] -> xpath: //input[@id='city']]<br>
2022-05-27 14:05:178 INFO  AuthPage :155 - Enter state east middland to  field [[ChromeDriver: chrome on WINDOWS (be643274c6f327fa67cee456cba7c6eb)] -> xpath: //select[@id='id_state']]<br>
2022-05-27 14:05:227 INFO  AuthPage :160 - Enter zipPostalCode3800034 to  field [[ChromeDriver: chrome on WINDOWS (be643274c6f327fa67cee456cba7c6eb)] -> xpath: //input[@id='postcode']]<br>
2022-05-27 14:05:256 INFO  AuthPage :165 - Selecting countryUnited States from dropdown [[ChromeDriver: chrome on WINDOWS (be643274c6f327fa67cee456cba7c6eb)] -> xpath: //select[@id='id_country']]<br>
2022-05-27 14:05:306 INFO  AuthPage :170 - Enter mobilePhone 0909090909 to  field [[ChromeDriver: chrome on WINDOWS (be643274c6f327fa67cee456cba7c6eb)] -> xpath: //input[@id='phone_mobile']]<br>
2022-05-27 14:05:361 INFO  AuthPage :175 - Enter referenceAddresswelcome to our sweeethome to  field [[ChromeDriver: chrome on WINDOWS (be643274c6f327fa67cee456cba7c6eb)] -> xpath: //input[@id='alias']]<br>
2022-05-27 14:05:309 INFO  AuthPage :180 - Clicking on registerbutton [[ChromeDriver: chrome on WINDOWS (be643274c6f327fa67cee456cba7c6eb)] -> xpath: //button[@id='submitAccount']]<br>
2022-05-27 14:05:956 INFO  ManageDriver :30 - Launching Chrome Browser
2022-05-27 14:05:826 INFO  HomePage :21 - Clicking on sinInTab[[ChromeDriver: chrome on WINDOWS (bb6a0f44c35d4e318dee003b58fa6d7c)] -> xpath: //a[contains(text(),'Sign in')]]<br>
2022-05-27 14:05:873 INFO  Singinpage :23 - Enter emailBe7OXwaA@gmail.com to  field [[ChromeDriver: chrome on WINDOWS (bb6a0f44c35d4e318dee003b58fa6d7c)] -> xpath: //input[@id='email_create']]<br>
2022-05-27 14:05:911 INFO  Singinpage :31 - Clicking on createaccount[[ChromeDriver: chrome on WINDOWS (bb6a0f44c35d4e318dee003b58fa6d7c)] -> xpath: //body[1]/div[1]/div[2]/div[1]/div[3]/div[1]/div[1]/div[1]/form[1]/div[1]/div[3]/button[1]/span[1]]<br>
2022-05-27 14:05:259 INFO  AuthPage :83 - Clicking on Title[[ChromeDriver: chrome on WINDOWS (bb6a0f44c35d4e318dee003b58fa6d7c)] -> xpath: //input[@id='id_gender2']]<br>
2022-05-27 14:05:307 INFO  AuthPage :88 - Enter firstnamemummupig to firstname field [[ChromeDriver: chrome on WINDOWS (bb6a0f44c35d4e318dee003b58fa6d7c)] -> xpath: //input[@id='customer_firstname']]<br>
2022-05-27 14:05:352 INFO  AuthPage :93 - Enter lastname papapig to lastname  field [[ChromeDriver: chrome on WINDOWS (bb6a0f44c35d4e318dee003b58fa6d7c)] -> xpath: //input[@id='customer_lastname']]<br>
2022-05-27 14:05:400 INFO  AuthPage :103 - Enter passwordfieldmummypig123 to  field [[ChromeDriver: chrome on WINDOWS (bb6a0f44c35d4e318dee003b58fa6d7c)] -> xpath: //input[@id='passwd']]<br>
2022-05-27 14:05:459 INFO  AuthPage :108 - Selecting birthDate 1 from dropdown [[ChromeDriver: chrome on WINDOWS (bb6a0f44c35d4e318dee003b58fa6d7c)] -> xpath: //select[@id='days']]<br>
2022-05-27 14:05:515 INFO  AuthPage :113 - Selecting birthMonth5 from dropdown [[ChromeDriver: chrome on WINDOWS (bb6a0f44c35d4e318dee003b58fa6d7c)] -> xpath: //select[@id='months']]<br>
2022-05-27 14:05:581 INFO  AuthPage :118 - Selecting birthYear1995 from dropdown [[ChromeDriver: chrome on WINDOWS (bb6a0f44c35d4e318dee003b58fa6d7c)] -> xpath: //select[@id='years']]<br>
2022-05-27 14:05:623 INFO  AuthPage :124 - Clicking on newsletterBox[[ChromeDriver: chrome on WINDOWS (bb6a0f44c35d4e318dee003b58fa6d7c)] -> xpath: //input[@id='newsletter']]<br>
2022-05-27 14:05:663 INFO  AuthPage :130 - Clicking on specialOffersBox[[ChromeDriver: chrome on WINDOWS (bb6a0f44c35d4e318dee003b58fa6d7c)] -> xpath: //input[@id='optin']]<br>
2022-05-27 14:05:707 INFO  AuthPage :135 - Enter addressfirstnamemummupig to  field [[ChromeDriver: chrome on WINDOWS (bb6a0f44c35d4e318dee003b58fa6d7c)] -> xpath: //input[@id='firstname']]<br>
2022-05-27 14:05:751 INFO  AuthPage :140 - Enter addresslastname papapig to  field [[ChromeDriver: chrome on WINDOWS (bb6a0f44c35d4e318dee003b58fa6d7c)] -> xpath: //input[@id='lastname']]<br>
2022-05-27 14:05:814 INFO  AuthPage :145 - Enter address143 mummypig and papapig sweet home to  field [[ChromeDriver: chrome on WINDOWS (bb6a0f44c35d4e318dee003b58fa6d7c)] -> xpath: //input[@id='address1']]<br>
2022-05-27 14:05:888 INFO  AuthPage :150 - Enter Citylondon to  field [[ChromeDriver: chrome on WINDOWS (bb6a0f44c35d4e318dee003b58fa6d7c)] -> xpath: //input[@id='city']]<br>
2022-05-27 14:05:934 INFO  AuthPage :155 - Enter state east middland to  field [[ChromeDriver: chrome on WINDOWS (bb6a0f44c35d4e318dee003b58fa6d7c)] -> xpath: //select[@id='id_state']]<br>
2022-05-27 14:05:989 INFO  AuthPage :160 - Enter zipPostalCode3800034 to  field [[ChromeDriver: chrome on WINDOWS (bb6a0f44c35d4e318dee003b58fa6d7c)] -> xpath: //input[@id='postcode']]<br>
2022-05-27 14:05:21 INFO  AuthPage :165 - Selecting countryUnited States from dropdown [[ChromeDriver: chrome on WINDOWS (bb6a0f44c35d4e318dee003b58fa6d7c)] -> xpath: //select[@id='id_country']]<br>
2022-05-27 14:05:72 INFO  AuthPage :170 - Enter mobilePhone 0909090909 to  field [[ChromeDriver: chrome on WINDOWS (bb6a0f44c35d4e318dee003b58fa6d7c)] -> xpath: //input[@id='phone_mobile']]<br>
2022-05-27 14:05:127 INFO  AuthPage :175 - Enter referenceAddresswelcome to our sweeethome to  field [[ChromeDriver: chrome on WINDOWS (bb6a0f44c35d4e318dee003b58fa6d7c)] -> xpath: //input[@id='alias']]<br>
2022-05-27 14:05:821 INFO  AuthPage :180 - Clicking on registerbutton [[ChromeDriver: chrome on WINDOWS (bb6a0f44c35d4e318dee003b58fa6d7c)] -> xpath: //button[@id='submitAccount']]<br>
2022-05-27 14:05:461 INFO  ManageDriver :30 - Launching Chrome Browser
2022-05-27 14:05:156 INFO  HomePage :21 - Clicking on sinInTab[[ChromeDriver: chrome on WINDOWS (380aded2df74529a55705e7734b88c59)] -> xpath: //a[contains(text(),'Sign in')]]<br>
2022-05-27 14:05:205 INFO  Singinpage :45 - Enter emailmummypigwanttologin@gmail.com to  field [[ChromeDriver: chrome on WINDOWS (380aded2df74529a55705e7734b88c59)] -> xpath: //input[@id='email']]<br>
2022-05-27 14:05:225 INFO  Singinpage :45 - Enter emailmummypig123 to  field [[ChromeDriver: chrome on WINDOWS (380aded2df74529a55705e7734b88c59)] -> xpath: //input[@id='email']]<br>
2022-05-27 14:05:812 INFO  Singinpage :55 - Clicking on signInButtonField[[ChromeDriver: chrome on WINDOWS (380aded2df74529a55705e7734b88c59)] -> xpath: //body/div[@id='page']/div[2]/div[1]/div[3]/div[1]/div[1]/div[2]/form[1]/div[1]/p[2]/button[1]/span[1]]<br>
2022-05-27 14:05:351 INFO  ManageDriver :30 - Launching Chrome Browser
2022-05-27 14:05:886 INFO  HomePage :21 - Clicking on sinInTabProxy element for: DefaultElementLocator 'By.xpath: //a[contains(text(),'Sign in')]'<br>
2022-05-27 15:05:25 INFO  ManageDriver :30 - Launching Chrome Browser
2022-05-27 15:05:90 INFO  HomePage :21 - Clicking on sinInTab[[ChromeDriver: chrome on WINDOWS (d6e4a41384c73061cb020cf264991840)] -> xpath: //a[contains(text(),'Sign in')]]<br>
2022-05-27 15:05:140 INFO  Singinpage :45 - Enter emailmummypigwanttologin@gmail.com to  field [[ChromeDriver: chrome on WINDOWS (d6e4a41384c73061cb020cf264991840)] -> xpath: //input[@id='email']]<br>
2022-05-27 15:05:187 INFO  Singinpage :50 - Enter passwordfieldmummypig123 to  field [[ChromeDriver: chrome on WINDOWS (d6e4a41384c73061cb020cf264991840)] -> xpath: //input[@id='passwd']]<br>
2022-05-27 15:05:754 INFO  Singinpage :55 - Clicking on signInButtonField[[ChromeDriver: chrome on WINDOWS (d6e4a41384c73061cb020cf264991840)] -> xpath: //body/div[@id='page']/div[2]/div[1]/div[3]/div[1]/div[1]/div[2]/form[1]/div[1]/p[2]/button[1]/span[1]]<br>
2022-05-27 15:05:489 INFO  ManageDriver :30 - Launching Chrome Browser
2022-05-27 15:05:716 INFO  ManageDriver :30 - Launching Chrome Browser
2022-05-27 15:05:07 INFO  HomePage :21 - Clicking on sinInTabProxy element for: DefaultElementLocator 'By.xpath: //a[contains(text(),'Sign in')]'<br>
2022-05-27 15:05:280 INFO  ManageDriver :30 - Launching Chrome Browser
2022-05-27 15:05:521 INFO  ManageDriver :30 - Launching Chrome Browser
2022-05-27 15:05:130 INFO  HomePage :21 - Clicking on sinInTab[[ChromeDriver: chrome on WINDOWS (4c89e25260b9c6888367305a7c521d90)] -> xpath: //a[contains(text(),'Sign in')]]<br>
2022-05-27 15:05:179 INFO  Singinpage :45 - Enter emailmummypigwanttologin@gmail.com to  field [[ChromeDriver: chrome on WINDOWS (4c89e25260b9c6888367305a7c521d90)] -> xpath: //input[@id='email']]<br>
2022-05-27 15:05:230 INFO  Singinpage :50 - Enter passwordfieldmummypig123 to  field [[ChromeDriver: chrome on WINDOWS (4c89e25260b9c6888367305a7c521d90)] -> xpath: //input[@id='passwd']]<br>
2022-05-27 15:05:932 INFO  Singinpage :55 - Clicking on signInButtonField[[ChromeDriver: chrome on WINDOWS (4c89e25260b9c6888367305a7c521d90)] -> xpath: //body/div[@id='page']/div[2]/div[1]/div[3]/div[1]/div[1]/div[2]/form[1]/div[1]/p[2]/button[1]/span[1]]<br>
2022-05-27 15:05:313 INFO  ManageDriver :30 - Launching Chrome Browser
2022-05-27 15:05:893 INFO  HomePage :21 - Clicking on sinInTab[[ChromeDriver: chrome on WINDOWS (93b9cfc8c3d65641722486d3aef0b851)] -> xpath: //a[contains(text(),'Sign in')]]<br>
2022-05-27 15:05:948 INFO  Singinpage :45 - Enter emailmummypigwanttologin@gmail.com to  field [[ChromeDriver: chrome on WINDOWS (93b9cfc8c3d65641722486d3aef0b851)] -> xpath: //input[@id='email']]<br>
2022-05-27 15:05:997 INFO  Singinpage :50 - Enter passwordfieldmummypig123 to  field [[ChromeDriver: chrome on WINDOWS (93b9cfc8c3d65641722486d3aef0b851)] -> xpath: //input[@id='passwd']]<br>
2022-05-27 15:05:350 INFO  Singinpage :55 - Clicking on signInButtonField[[ChromeDriver: chrome on WINDOWS (93b9cfc8c3d65641722486d3aef0b851)] -> xpath: //body/div[@id='page']/div[2]/div[1]/div[3]/div[1]/div[1]/div[2]/form[1]/div[1]/p[2]/button[1]/span[1]]<br>
2022-05-27 20:05:961 INFO  ManageDriver :30 - Launching Chrome Browser
2022-05-27 20:05:989 INFO  HomePage :21 - Clicking on sinInTab[[ChromeDriver: chrome on WINDOWS (78e433095eea5cf97db2e8b404e01169)] -> xpath: //a[contains(text(),'Sign in')]]<br>
2022-05-27 20:05:60 INFO  Singinpage :45 - Enter emailmummypigwanttologin@gmail.com to  field [[ChromeDriver: chrome on WINDOWS (78e433095eea5cf97db2e8b404e01169)] -> xpath: //input[@id='email']]<br>
2022-05-27 20:05:121 INFO  Singinpage :50 - Enter passwordfieldmummypig123 to  field [[ChromeDriver: chrome on WINDOWS (78e433095eea5cf97db2e8b404e01169)] -> xpath: //input[@id='passwd']]<br>
2022-05-27 20:05:349 INFO  Singinpage :55 - Clicking on signInButtonField[[ChromeDriver: chrome on WINDOWS (78e433095eea5cf97db2e8b404e01169)] -> xpath: //body/div[@id='page']/div[2]/div[1]/div[3]/div[1]/div[1]/div[2]/form[1]/div[1]/p[2]/button[1]/span[1]]<br>
2022-05-27 20:05:618 INFO  ManageDriver :30 - Launching Chrome Browser
2022-05-27 20:05:607 INFO  HomePage :21 - Clicking on sinInTab[[ChromeDriver: chrome on WINDOWS (f4fd3a5516828aeadb3ebf411a81a09e)] -> xpath: //a[contains(text(),'Sign in')]]<br>
2022-05-27 20:05:676 INFO  Singinpage :45 - Enter emailmummypigwanttologin@gmail.com to  field [[ChromeDriver: chrome on WINDOWS (f4fd3a5516828aeadb3ebf411a81a09e)] -> xpath: //input[@id='email']]<br>
2022-05-27 20:05:739 INFO  Singinpage :50 - Enter passwordfieldmummypig123 to  field [[ChromeDriver: chrome on WINDOWS (f4fd3a5516828aeadb3ebf411a81a09e)] -> xpath: //input[@id='passwd']]<br>
2022-05-27 20:05:486 INFO  Singinpage :55 - Clicking on signInButtonField[[ChromeDriver: chrome on WINDOWS (f4fd3a5516828aeadb3ebf411a81a09e)] -> xpath: //body/div[@id='page']/div[2]/div[1]/div[3]/div[1]/div[1]/div[2]/form[1]/div[1]/p[2]/button[1]/span[1]]<br>
2022-05-27 20:05:138 INFO  ProductPage :83 - getting  text from text Proxy element for: DefaultElementLocator 'By.xpath: //p[@id='product_reference']/span'<br>
2022-05-27 20:05:749 INFO  ManageDriver :30 - Launching Chrome Browser
2022-05-27 20:05:900 INFO  HomePage :21 - Clicking on sinInTab[[ChromeDriver: chrome on WINDOWS (621befdeadbb21b7087070d9f57b9b73)] -> xpath: //a[contains(text(),'Sign in')]]<br>
2022-05-27 20:05:970 INFO  Singinpage :45 - Enter emailmummypigwanttologin@gmail.com to  field [[ChromeDriver: chrome on WINDOWS (621befdeadbb21b7087070d9f57b9b73)] -> xpath: //input[@id='email']]<br>
2022-05-27 20:05:33 INFO  Singinpage :50 - Enter passwordfieldmummypig123 to  field [[ChromeDriver: chrome on WINDOWS (621befdeadbb21b7087070d9f57b9b73)] -> xpath: //input[@id='passwd']]<br>
2022-05-27 20:05:269 INFO  Singinpage :55 - Clicking on signInButtonField[[ChromeDriver: chrome on WINDOWS (621befdeadbb21b7087070d9f57b9b73)] -> xpath: //body/div[@id='page']/div[2]/div[1]/div[3]/div[1]/div[1]/div[2]/form[1]/div[1]/p[2]/button[1]/span[1]]<br>
2022-05-27 20:05:347 INFO  ProductPage :83 - getting  text from text Proxy element for: DefaultElementLocator 'By.xpath: //p[@id='product_reference']/span'<br>
2022-05-27 20:05:767 INFO  ManageDriver :30 - Launching Chrome Browser
2022-05-27 20:05:230 INFO  HomePage :21 - Clicking on sinInTab[[ChromeDriver: chrome on WINDOWS (7d7bf7df466a8b4e0d39f34237e9736b)] -> xpath: //a[contains(text(),'Sign in')]]<br>
2022-05-27 20:05:296 INFO  Singinpage :45 - Enter emailmummypig5151@gmail.com to  field [[ChromeDriver: chrome on WINDOWS (7d7bf7df466a8b4e0d39f34237e9736b)] -> xpath: //input[@id='email']]<br>
2022-05-27 20:05:360 INFO  Singinpage :50 - Enter passwordfieldmummypig5151 to  field [[ChromeDriver: chrome on WINDOWS (7d7bf7df466a8b4e0d39f34237e9736b)] -> xpath: //input[@id='passwd']]<br>
2022-05-27 20:05:718 INFO  Singinpage :55 - Clicking on signInButtonField[[ChromeDriver: chrome on WINDOWS (7d7bf7df466a8b4e0d39f34237e9736b)] -> xpath: //body/div[@id='page']/div[2]/div[1]/div[3]/div[1]/div[1]/div[2]/form[1]/div[1]/p[2]/button[1]/span[1]]<br>
2022-05-27 20:05:804 INFO  ProductPage :83 - getting  text from text Proxy element for: DefaultElementLocator 'By.xpath: //p[@id='product_reference']/span'<br>
2022-05-27 20:05:446 INFO  ManageDriver :30 - Launching Chrome Browser
2022-05-27 20:05:817 INFO  HomePage :21 - Clicking on sinInTab[[ChromeDriver: chrome on WINDOWS (fea9bccdce45ba639bbfbf379df6634c)] -> xpath: //a[contains(text(),'Sign in')]]<br>
2022-05-27 20:05:883 INFO  Singinpage :45 - Enter emailmummypig5151@gmail.com to  field [[ChromeDriver: chrome on WINDOWS (fea9bccdce45ba639bbfbf379df6634c)] -> xpath: //input[@id='email']]<br>
2022-05-27 20:05:944 INFO  Singinpage :50 - Enter passwordfieldmummypig5151 to  field [[ChromeDriver: chrome on WINDOWS (fea9bccdce45ba639bbfbf379df6634c)] -> xpath: //input[@id='passwd']]<br>
2022-05-27 20:05:518 INFO  Singinpage :55 - Clicking on signInButtonField[[ChromeDriver: chrome on WINDOWS (fea9bccdce45ba639bbfbf379df6634c)] -> xpath: //body/div[@id='page']/div[2]/div[1]/div[3]/div[1]/div[1]/div[2]/form[1]/div[1]/p[2]/button[1]/span[1]]<br>
2022-05-27 20:05:554 INFO  ProductPage :83 - getting  text from text Proxy element for: DefaultElementLocator 'By.xpath: //p[@id='product_reference']/span'<br>
2022-05-27 20:05:62 INFO  ManageDriver :30 - Launching Chrome Browser
2022-05-27 20:05:638 INFO  HomePage :21 - Clicking on sinInTab[[ChromeDriver: chrome on WINDOWS (e3b1dd28cd004901da1a0390d4e2350d)] -> xpath: //a[contains(text(),'Sign in')]]<br>
2022-05-27 20:05:711 INFO  Singinpage :45 - Enter emailmummypig5151@gmail.com to  field [[ChromeDriver: chrome on WINDOWS (e3b1dd28cd004901da1a0390d4e2350d)] -> xpath: //input[@id='email']]<br>
2022-05-27 20:05:776 INFO  Singinpage :50 - Enter passwordfieldmummypig5151 to  field [[ChromeDriver: chrome on WINDOWS (e3b1dd28cd004901da1a0390d4e2350d)] -> xpath: //input[@id='passwd']]<br>
2022-05-27 20:05:919 INFO  Singinpage :55 - Clicking on signInButtonField[[ChromeDriver: chrome on WINDOWS (e3b1dd28cd004901da1a0390d4e2350d)] -> xpath: //body/div[@id='page']/div[2]/div[1]/div[3]/div[1]/div[1]/div[2]/form[1]/div[1]/p[2]/button[1]/span[1]]<br>
2022-05-27 20:05:977 INFO  ProductPage :86 - getting  text from text Proxy element for: DefaultElementLocator 'By.xpath: //p[@id='product_reference']/span'<br>
2022-05-27 20:05:77 INFO  ManageDriver :30 - Launching Chrome Browser
2022-05-27 20:05:901 INFO  HomePage :21 - Clicking on sinInTab[[ChromeDriver: chrome on WINDOWS (cd7bc7a95343c9a7652049b41594f1d4)] -> xpath: //a[contains(text(),'Sign in')]]<br>
2022-05-27 20:05:967 INFO  Singinpage :45 - Enter emailmummypig5151@gmail.com to  field [[ChromeDriver: chrome on WINDOWS (cd7bc7a95343c9a7652049b41594f1d4)] -> xpath: //input[@id='email']]<br>
2022-05-27 20:05:30 INFO  Singinpage :50 - Enter passwordfieldmummypig5151 to  field [[ChromeDriver: chrome on WINDOWS (cd7bc7a95343c9a7652049b41594f1d4)] -> xpath: //input[@id='passwd']]<br>
2022-05-27 20:05:413 INFO  Singinpage :55 - Clicking on signInButtonField[[ChromeDriver: chrome on WINDOWS (cd7bc7a95343c9a7652049b41594f1d4)] -> xpath: //body/div[@id='page']/div[2]/div[1]/div[3]/div[1]/div[1]/div[2]/form[1]/div[1]/p[2]/button[1]/span[1]]<br>
2022-05-27 20:05:380 INFO  ProductPage :54 - Clicking on dresses[[ChromeDriver: chrome on WINDOWS (cd7bc7a95343c9a7652049b41594f1d4)] -> xpath: //header/div[3]/div[1]/div[1]/div[6]/ul[1]/li[2]/a[1]]<br>
2022-05-27 20:05:64 INFO  ManageDriver :30 - Launching Chrome Browser
2022-05-27 20:05:149 INFO  HomePage :21 - Clicking on sinInTab[[ChromeDriver: chrome on WINDOWS (8a474b33102e646eda2c432231630027)] -> xpath: //a[contains(text(),'Sign in')]]<br>
2022-05-27 20:05:216 INFO  Singinpage :45 - Enter emailmummypig5151@gmail.com to  field [[ChromeDriver: chrome on WINDOWS (8a474b33102e646eda2c432231630027)] -> xpath: //input[@id='email']]<br>
2022-05-27 20:05:278 INFO  Singinpage :50 - Enter passwordfieldmummypig5151 to  field [[ChromeDriver: chrome on WINDOWS (8a474b33102e646eda2c432231630027)] -> xpath: //input[@id='passwd']]<br>
2022-05-27 20:05:807 INFO  Singinpage :55 - Clicking on signInButtonField[[ChromeDriver: chrome on WINDOWS (8a474b33102e646eda2c432231630027)] -> xpath: //body/div[@id='page']/div[2]/div[1]/div[3]/div[1]/div[1]/div[2]/form[1]/div[1]/p[2]/button[1]/span[1]]<br>
2022-05-27 20:05:874 INFO  ProductPage :54 - Clicking on dresses[[ChromeDriver: chrome on WINDOWS (8a474b33102e646eda2c432231630027)] -> xpath: //header/div[3]/div[1]/div[1]/div[6]/ul[1]/li[2]/a[1]]<br>
2022-05-27 21:05:994 INFO  ManageDriver :30 - Launching Chrome Browser
2022-05-27 21:05:464 INFO  HomePage :21 - Clicking on sinInTab[[ChromeDriver: chrome on WINDOWS (eb7f209f2eb98683a89bed363f704877)] -> xpath: //a[contains(text(),'Sign in')]]<br>
2022-05-27 21:05:532 INFO  Singinpage :45 - Enter emailmummypig5151@gmail.com to  field [[ChromeDriver: chrome on WINDOWS (eb7f209f2eb98683a89bed363f704877)] -> xpath: //input[@id='email']]<br>
2022-05-27 21:05:594 INFO  Singinpage :50 - Enter passwordfieldmummypig5151 to  field [[ChromeDriver: chrome on WINDOWS (eb7f209f2eb98683a89bed363f704877)] -> xpath: //input[@id='passwd']]<br>
2022-05-27 21:05:82 INFO  Singinpage :55 - Clicking on signInButtonField[[ChromeDriver: chrome on WINDOWS (eb7f209f2eb98683a89bed363f704877)] -> xpath: //body/div[@id='page']/div[2]/div[1]/div[3]/div[1]/div[1]/div[2]/form[1]/div[1]/p[2]/button[1]/span[1]]<br>
2022-05-27 21:05:388 INFO  ProductPage :54 - Clicking on dresses[[ChromeDriver: chrome on WINDOWS (eb7f209f2eb98683a89bed363f704877)] -> xpath: //header/div[3]/div[1]/div[1]/div[6]/ul[1]/li[2]/a[1]]<br>
2022-05-27 21:05:224 INFO  ManageDriver :30 - Launching Chrome Browser
2022-05-27 21:05:750 INFO  HomePage :21 - Clicking on sinInTab[[ChromeDriver: chrome on WINDOWS (ff65c169e7c34d0ddebf0a5bc7633b04)] -> xpath: //a[contains(text(),'Sign in')]]<br>
2022-05-27 21:05:816 INFO  Singinpage :45 - Enter emailmummypig5151@gmail.com to  field [[ChromeDriver: chrome on WINDOWS (ff65c169e7c34d0ddebf0a5bc7633b04)] -> xpath: //input[@id='email']]<br>
2022-05-27 21:05:879 INFO  Singinpage :50 - Enter passwordfieldmummypig5151 to  field [[ChromeDriver: chrome on WINDOWS (ff65c169e7c34d0ddebf0a5bc7633b04)] -> xpath: //input[@id='passwd']]<br>
2022-05-27 21:05:630 INFO  Singinpage :55 - Clicking on signInButtonField[[ChromeDriver: chrome on WINDOWS (ff65c169e7c34d0ddebf0a5bc7633b04)] -> xpath: //body/div[@id='page']/div[2]/div[1]/div[3]/div[1]/div[1]/div[2]/form[1]/div[1]/p[2]/button[1]/span[1]]<br>
2022-05-27 21:05:103 INFO  ProductPage :54 - Clicking on dresses[[ChromeDriver: chrome on WINDOWS (ff65c169e7c34d0ddebf0a5bc7633b04)] -> xpath: //header/div[3]/div[1]/div[1]/div[6]/ul[1]/li[2]/a[1]]<br>
2022-05-27 21:05:560 INFO  ManageDriver :30 - Launching Chrome Browser
2022-05-27 21:05:521 INFO  HomePage :21 - Clicking on sinInTab[[ChromeDriver: chrome on WINDOWS (267e3684211c1317e16f6f583ada1c69)] -> xpath: //a[contains(text(),'Sign in')]]<br>
2022-05-27 21:05:591 INFO  Singinpage :45 - Enter emailmummypig5151@gmail.com to  field [[ChromeDriver: chrome on WINDOWS (267e3684211c1317e16f6f583ada1c69)] -> xpath: //input[@id='email']]<br>
2022-05-27 21:05:656 INFO  Singinpage :50 - Enter passwordfieldmummypig5151 to  field [[ChromeDriver: chrome on WINDOWS (267e3684211c1317e16f6f583ada1c69)] -> xpath: //input[@id='passwd']]<br>
2022-05-27 21:05:347 INFO  Singinpage :55 - Clicking on signInButtonField[[ChromeDriver: chrome on WINDOWS (267e3684211c1317e16f6f583ada1c69)] -> xpath: //body/div[@id='page']/div[2]/div[1]/div[3]/div[1]/div[1]/div[2]/form[1]/div[1]/p[2]/button[1]/span[1]]<br>
2022-05-27 21:05:293 INFO  ProductPage :54 - Clicking on dresses[[ChromeDriver: chrome on WINDOWS (267e3684211c1317e16f6f583ada1c69)] -> xpath: //header/div[3]/div[1]/div[1]/div[6]/ul[1]/li[2]/a[1]]<br>
2022-05-27 21:05:587 INFO  ProductPage :65 - Clicking on subCategory [[ChromeDriver: chrome on WINDOWS (267e3684211c1317e16f6f583ada1c69)] -> xpath: //header/div[3]/div[1]/div[1]/div[6]/ul[1]/li[2]/a[1]]<br>
2022-05-27 21:05:385 INFO  ProductPage :76 - Clicking on name Printed Dress Proxy element for: DefaultElementLocator 'By.xpath: //body/div[@id='page']/div[2]/div[1]/div[3]/div[2]/ul[1]/li[1]/div[1]/div[2]/h5[1]/a[1]'<br>
2022-05-27 21:05:400 INFO  ProductPage :86 - getting  text from text [[ChromeDriver: chrome on WINDOWS (267e3684211c1317e16f6f583ada1c69)] -> xpath: //p[@id='product_reference']/span]<br>
2022-05-27 21:05:463 INFO  ProductPage :92 - Enter ProductQuantity[[ChromeDriver: chrome on WINDOWS (267e3684211c1317e16f6f583ada1c69)] -> xpath: //input[@id='quantity_wanted']]<br>
2022-05-27 21:05:507 INFO  ProductPage :97 - Enter ProductQuantity 2 to quantity field [[ChromeDriver: chrome on WINDOWS (267e3684211c1317e16f6f583ada1c69)] -> xpath: //input[@id='quantity_wanted']]<br>
2022-05-27 21:05:557 INFO  ProductPage :102 - Clicking on addToCardProduct[[ChromeDriver: chrome on WINDOWS (267e3684211c1317e16f6f583ada1c69)] -> xpath: //span[contains(text(),'Add to cart')]]<br>
2022-05-27 21:05:456 INFO  ProductPage :107 - Clicking on crossbutton[[ChromeDriver: chrome on WINDOWS (267e3684211c1317e16f6f583ada1c69)] -> xpath: //header/div[3]/div[1]/div[1]/div[4]/div[1]/div[1]/span[1]]<br>
2022-05-27 21:05:283 INFO  ProductPage :58 - Clicking on Women [[ChromeDriver: chrome on WINDOWS (267e3684211c1317e16f6f583ada1c69)] -> xpath: //header/div[3]/div[1]/div[1]/div[6]/ul[1]/li[1]/a[1]]<br>
2022-05-27 21:05:676 INFO  ManageDriver :30 - Launching Chrome Browser
2022-05-27 21:05:993 INFO  HomePage :21 - Clicking on sinInTab[[ChromeDriver: chrome on WINDOWS (9f8703e33ae15e08bf44f002e708176c)] -> xpath: //a[contains(text(),'Sign in')]]<br>
2022-05-27 21:05:62 INFO  Singinpage :45 - Enter emailmummypig5151@gmail.com to  field [[ChromeDriver: chrome on WINDOWS (9f8703e33ae15e08bf44f002e708176c)] -> xpath: //input[@id='email']]<br>
2022-05-27 21:05:125 INFO  Singinpage :50 - Enter passwordfieldmummypig5151 to  field [[ChromeDriver: chrome on WINDOWS (9f8703e33ae15e08bf44f002e708176c)] -> xpath: //input[@id='passwd']]<br>
2022-05-27 21:05:15 INFO  Singinpage :55 - Clicking on signInButtonField[[ChromeDriver: chrome on WINDOWS (9f8703e33ae15e08bf44f002e708176c)] -> xpath: //body/div[@id='page']/div[2]/div[1]/div[3]/div[1]/div[1]/div[2]/form[1]/div[1]/p[2]/button[1]/span[1]]<br>
2022-05-27 21:05:34 INFO  ContactPage :20 - Clicking on Contact us[[ChromeDriver: chrome on WINDOWS (9f8703e33ae15e08bf44f002e708176c)] -> xpath: //header/div[2]/div[1]/div[1]/nav[1]/div[3]/a[1]]<br>
2022-05-27 21:05:744 INFO  ContactPage :27 - Selecting Customer services from dropdown [[ChromeDriver: chrome on WINDOWS (9f8703e33ae15e08bf44f002e708176c)] -> xpath: //select[@id='id_contact']]<br>
2022-05-27 21:05:171 INFO  ManageDriver :30 - Launching Chrome Browser
2022-05-27 21:05:882 INFO  HomePage :21 - Clicking on sinInTab[[ChromeDriver: chrome on WINDOWS (dedd169be7c8247ad9ee78000ed5d858)] -> xpath: //a[contains(text(),'Sign in')]]<br>
2022-05-27 21:05:948 INFO  Singinpage :45 - Enter emailmummypig5151@gmail.com to  field [[ChromeDriver: chrome on WINDOWS (dedd169be7c8247ad9ee78000ed5d858)] -> xpath: //input[@id='email']]<br>
2022-05-27 21:05:09 INFO  Singinpage :50 - Enter passwordfieldmummypig5151 to  field [[ChromeDriver: chrome on WINDOWS (dedd169be7c8247ad9ee78000ed5d858)] -> xpath: //input[@id='passwd']]<br>
2022-05-27 21:05:514 INFO  Singinpage :55 - Clicking on signInButtonField[[ChromeDriver: chrome on WINDOWS (dedd169be7c8247ad9ee78000ed5d858)] -> xpath: //body/div[@id='page']/div[2]/div[1]/div[3]/div[1]/div[1]/div[2]/form[1]/div[1]/p[2]/button[1]/span[1]]<br>
2022-05-27 21:05:533 INFO  ContactPage :20 - Clicking on Contact us[[ChromeDriver: chrome on WINDOWS (dedd169be7c8247ad9ee78000ed5d858)] -> xpath: //header/div[2]/div[1]/div[1]/nav[1]/div[3]/a[1]]<br>
2022-05-27 21:05:484 INFO  ContactPage :27 - Selecting &nbsp from dropdown [[ChromeDriver: chrome on WINDOWS (dedd169be7c8247ad9ee78000ed5d858)] -> xpath: //select[@id='id_contact']]<br>
